<?xml version="1.0" encoding="UTF-8"?>
<!-- Generated by org.testng.reporters.JUnitXMLReporter -->
<testsuite hostname="T1LPRVT4910" ignored="0" name="Surefire test" tests="3" failures="0" timestamp="2022-03-17T10:49:35 EET" time="166.849" errors="0">
  <testcase name="runScenario" time="8.848" classname="Base.Driver"/>
  <testcase name="runScenario" time="7.877" classname="Base.Driver"/>
  <testcase name="runScenario" time="13.062" classname="Base.Driver"/>
</testsuite> <!-- Surefire test -->
