<?xml version="1.0" encoding="UTF-8"?>
<testsuite xmlns:xsi="http://www.w3.org/2001/XMLSchema-instance" xsi:noNamespaceSchemaLocation="https://maven.apache.org/surefire/maven-surefire-plugin/xsd/surefire-test-report.xsd" name="TestSuite" time="168.072" tests="3" errors="0" skipped="0" failures="0">
  <properties>
[...]
</properties>
  <testcase name="runScenario" classname="Runner.Runner" time="8.849"/>
  <testcase name="runScenario" classname="Runner.Runner" time="7.879"/>
  <testcase name="runScenario" classname="Runner.Runner" time="13.061"/>
</testsuite>