<?xml version="1.0" encoding="UTF-8"?>
<!-- Generated by org.testng.reporters.JUnitXMLReporter -->
<testsuite ignored="0" hostname="T1LPRVT4910" failures="0" tests="3" name="Default test" time="35.139" errors="0" timestamp="2022-03-07T17:25:07 TRT">
  <testcase classname="Base.Driver" name="runScenario" time="1.571"/>
  <testcase classname="Base.Driver" name="runScenario" time="1.019"/>
  <testcase classname="Base.Driver" name="runScenario" time="1.086"/>
</testsuite> <!-- Default test -->
